Determining if the pthread_create exist failed with the following output:
Change Dir: /home/mkhuthir/learnROS/src/chessbot/build/CMakeFiles/CMakeTmp

Run Build Command:/usr/bin/make "cmTryCompileExec2240014079/fast"
/usr/bin/make -f CMakeFiles/cmTryCompileExec2240014079.dir/build.make CMakeFiles/cmTryCompileExec2240014079.dir/build
make[1]: Entering directory `/home/mkhuthir/learnROS/src/chessbot/build/CMakeFiles/CMakeTmp'
/usr/bin/cmake -E cmake_progress_report /home/mkhuthir/learnROS/src/chessbot/build/CMakeFiles/CMakeTmp/CMakeFiles 1
Building C object CMakeFiles/cmTryCompileExec2240014079.dir/CheckSymbolExists.c.o
/usr/bin/cc    -o CMakeFiles/cmTryCompileExec2240014079.dir/CheckSymbolExists.c.o   -c /home/mkhuthir/learnROS/src/chessbot/build/CMakeFiles/CMakeTmp/CheckSymbolExists.c
Linking C executable cmTryCompileExec2240014079
/usr/bin/cmake -E cmake_link_script CMakeFiles/cmTryCompileExec2240014079.dir/link.txt --verbose=1
/usr/bin/cc       CMakeFiles/cmTryCompileExec2240014079.dir/CheckSymbolExists.c.o  -o cmTryCompileExec2240014079 -rdynamic 
CMakeFiles/cmTryCompileExec2240014079.dir/CheckSymbolExists.c.o: In function `main':
CheckSymbolExists.c:(.text+0x16): undefined reference to `pthread_create'
collect2: error: ld returned 1 exit status
make[1]: *** [cmTryCompileExec2240014079] Error 1
make[1]: Leaving directory `/home/mkhuthir/learnROS/src/chessbot/build/CMakeFiles/CMakeTmp'
make: *** [cmTryCompileExec2240014079/fast] Error 2

File /home/mkhuthir/learnROS/src/chessbot/build/CMakeFiles/CMakeTmp/CheckSymbolExists.c:
/* */
#include <pthread.h>

int main(int argc, char** argv)
{
  (void)argv;
#ifndef pthread_create
  return ((int*)(&pthread_create))[argc];
#else
  (void)argc;
  return 0;
#endif
}

Determining if the function pthread_create exists in the pthreads failed with the following output:
Change Dir: /home/mkhuthir/learnROS/src/chessbot/build/CMakeFiles/CMakeTmp

Run Build Command:/usr/bin/make "cmTryCompileExec3258226463/fast"
/usr/bin/make -f CMakeFiles/cmTryCompileExec3258226463.dir/build.make CMakeFiles/cmTryCompileExec3258226463.dir/build
make[1]: Entering directory `/home/mkhuthir/learnROS/src/chessbot/build/CMakeFiles/CMakeTmp'
/usr/bin/cmake -E cmake_progress_report /home/mkhuthir/learnROS/src/chessbot/build/CMakeFiles/CMakeTmp/CMakeFiles 1
Building C object CMakeFiles/cmTryCompileExec3258226463.dir/CheckFunctionExists.c.o
/usr/bin/cc   -DCHECK_FUNCTION_EXISTS=pthread_create   -o CMakeFiles/cmTryCompileExec3258226463.dir/CheckFunctionExists.c.o   -c /usr/share/cmake-2.8/Modules/CheckFunctionExists.c
Linking C executable cmTryCompileExec3258226463
/usr/bin/cmake -E cmake_link_script CMakeFiles/cmTryCompileExec3258226463.dir/link.txt --verbose=1
/usr/bin/cc   -DCHECK_FUNCTION_EXISTS=pthread_create    CMakeFiles/cmTryCompileExec3258226463.dir/CheckFunctionExists.c.o  -o cmTryCompileExec3258226463 -rdynamic -lpthreads 
/usr/bin/ld: cannot find -lpthreads
collect2: error: ld returned 1 exit status
make[1]: *** [cmTryCompileExec3258226463] Error 1
make[1]: Leaving directory `/home/mkhuthir/learnROS/src/chessbot/build/CMakeFiles/CMakeTmp'
make: *** [cmTryCompileExec3258226463/fast] Error 2


